[debug] [2017-11-20T02:55:39.332Z] ----------------------------------------------------------------------
[debug] [2017-11-20T02:55:39.333Z] Command:       /usr/local/bin/node /usr/local/bin/firebase deploy
[debug] [2017-11-20T02:55:39.333Z] CLI Version:   3.14.0
[debug] [2017-11-20T02:55:39.333Z] Platform:      darwin
[debug] [2017-11-20T02:55:39.334Z] Node Version:  v8.9.1
[debug] [2017-11-20T02:55:39.334Z] Time:          Sun Nov 19 2017 21:55:39 GMT-0500 (EST)
[debug] [2017-11-20T02:55:39.334Z] ----------------------------------------------------------------------
[debug] 
[debug] [2017-11-20T02:55:39.344Z] > command requires scopes: ["email","openid","https://www.googleapis.com/auth/cloudplatformprojects.readonly","https://www.googleapis.com/auth/firebase","https://www.googleapis.com/auth/cloud-platform"]
[debug] [2017-11-20T02:55:39.344Z] > authorizing via signed-in user
[debug] [2017-11-20T02:55:39.345Z] >>> HTTP REQUEST GET https://admin.firebase.com/v1/projects/braincradleai  
 Sun Nov 19 2017 21:55:39 GMT-0500 (EST)
[debug] [2017-11-20T02:55:40.235Z] <<< HTTP RESPONSE 200
[debug] [2017-11-20T02:55:40.235Z] >>> HTTP REQUEST GET https://admin.firebase.com/v1/database/braincradleai/tokens  
 Sun Nov 19 2017 21:55:40 GMT-0500 (EST)
[debug] [2017-11-20T02:55:40.890Z] <<< HTTP RESPONSE 200
[info] 2
[info] 
[info] === Deploying to 'braincradleai'...
[info] 
[info] i  deploying database, hosting
[info] i  database: checking rules syntax...
[debug] [2017-11-20T02:55:41.551Z] >>> HTTP REQUEST PUT https://braincradleai.firebaseio.com/.settings/rules.json?dryRun=true {
  "rules": {
    ".read": true,
    ".write": "auth != null"
  }
}
 
 Sun Nov 19 2017 21:55:41 GMT-0500 (EST)
[debug] [2017-11-20T02:55:41.855Z] <<< HTTP RESPONSE 200
[info] ✔  database: rules syntax is valid
[info] i  hosting: preparing gulp/build directory for upload...
